<?xml version="1.0" encoding="UTF-8"?>
<!-- Generated by org.testng.reporters.JUnitReportReporter -->
<testsuite skipped="0" hostname="ABCD" name="com.dataprovider.HalfEbay" tests="4" failures="0" timestamp="04 Jan 2020 08:24:34 GMT" time="140.778" errors="0">
  <testcase name="Datacollect" time="86.325" classname="com.dataprovider.HalfEbay"/>
  <testcase name="Datacollect" time="17.683" classname="com.dataprovider.HalfEbay"/>
  <testcase name="Datacollect" time="19.773" classname="com.dataprovider.HalfEbay"/>
  <testcase name="Datacollect" time="16.997" classname="com.dataprovider.HalfEbay"/>
</testsuite> <!-- com.dataprovider.HalfEbay -->
